# JRE version: OpenJDK Runtime Environment (11.0.13) (build 11.0.13+0-b1751.21-8125866)
# Java VM: OpenJDK 64-Bit Server VM (11.0.13+0-b1751.21-8125866, mixed mode, tiered, compressed oops, g1 gc, windows-amd64)
Heap:
 garbage-first heap   total 472064K, used 301645K [0x0000000080000000, 0x0000000100000000)
  region size 1024K, 66 young (67584K), 6 survivors (6144K)
 Metaspace       used 136540K, capacity 140324K, committed 140452K, reserved 1171456K
  class space    used 16848K, capacity 18316K, committed 18420K, reserved 1048576K
GC Heap History (20 events):
Event: 152.973 GC heap before
{Heap before GC invocations=95 (full 0):
 garbage-first heap   total 403456K, used 354273K [0x0000000080000000, 0x0000000100000000)
  region size 1024K, 120 young (122880K), 7 survivors (7168K)
 Metaspace       used 136109K, capacity 139848K, committed 140068K, reserved 1171456K
  class space    used 16823K, capacity 18276K, committed 18292K, reserved 1048576K
}
Event: 152.995 GC heap after
{Heap after GC invocations=96 (full 0):
 garbage-first heap   total 403456K, used 238967K [0x0000000080000000, 0x0000000100000000)
  region size 1024K, 7 young (7168K), 7 survivors (7168K)
 Metaspace       used 136109K, capacity 139848K, committed 140068K, reserved 1171456K
  class space    used 16823K, capacity 18276K, committed 18292K, reserved 1048576K
}
Event: 153.496 GC heap before
{Heap before GC invocations=96 (full 0):
 garbage-first heap   total 403456K, used 354679K [0x0000000080000000, 0x0000000100000000)
  region size 1024K, 120 young (122880K), 7 survivors (7168K)
 Metaspace       used 136133K, capacity 139912K, committed 140068K, reserved 1171456K
  class space    used 16823K, capacity 18276K, committed 18292K, reserved 1048576K
}
Event: 153.513 GC heap after
{Heap after GC invocations=97 (full 0):
 garbage-first heap   total 472064K, used 239921K [0x0000000080000000, 0x0000000100000000)
  region size 1024K, 8 young (8192K), 8 survivors (8192K)
 Metaspace       used 136133K, capacity 139912K, committed 140068K, reserved 1171456K
  class space    used 16823K, capacity 18276K, committed 18292K, reserved 1048576K
}
Event: 154.364 GC heap before
{Heap before GC invocations=97 (full 0):
 garbage-first heap   total 472064K, used 392497K [0x0000000080000000, 0x0000000100000000)
  region size 1024K, 157 young (160768K), 8 survivors (8192K)
 Metaspace       used 136144K, capacity 139915K, committed 140068K, reserved 1171456K
  class space    used 16823K, capacity 18277K, committed 18292K, reserved 1048576K
}
Event: 154.380 GC heap after
{Heap after GC invocations=98 (full 0):
 garbage-first heap   total 472064K, used 239991K [0x0000000080000000, 0x0000000100000000)
  region size 1024K, 8 young (8192K), 8 survivors (8192K)
 Metaspace       used 136144K, capacity 139915K, committed 140068K, reserved 1171456K
  class space    used 16823K, capacity 18277K, committed 18292K, reserved 1048576K
}
Event: 154.877 GC heap before
{Heap before GC invocations=98 (full 0):
 garbage-first heap   total 472064K, used 395639K [0x0000000080000000, 0x0000000100000000)
  region size 1024K, 160 young (163840K), 8 survivors (8192K)
 Metaspace       used 136162K, capacity 139917K, committed 140068K, reserved 1171456K
  class space    used 16823K, capacity 18277K, committed 18292K, reserved 1048576K
}
Event: 154.893 GC heap after
{Heap after GC invocations=99 (full 0):
 garbage-first heap   total 472064K, used 241015K [0x0000000080000000, 0x0000000100000000)
  region size 1024K, 9 young (9216K), 9 survivors (9216K)
 Metaspace       used 136162K, capacity 139917K, committed 140068K, reserved 1171456K
  class space    used 16823K, capacity 18277K, committed 18292K, reserved 1048576K
}
Event: 155.613 GC heap before
{Heap before GC invocations=99 (full 0):
 garbage-first heap   total 472064K, used 398711K [0x0000000080000000, 0x0000000100000000)
  region size 1024K, 163 young (166912K), 9 survivors (9216K)
 Metaspace       used 136166K, capacity 139918K, committed 140068K, reserved 1171456K
  class space    used 16823K, capacity 18277K, committed 18292K, reserved 1048576K
}
Event: 155.628 GC heap after
{Heap after GC invocations=100 (full 0):
 garbage-first heap   total 472064K, used 241823K [0x0000000080000000, 0x0000000100000000)
  region size 1024K, 10 young (10240K), 10 survivors (10240K)
 Metaspace       used 136166K, capacity 139918K, committed 140068K, reserved 1171456K
  class space    used 16823K, capacity 18277K, committed 18292K, reserved 1048576K
}
Event: 156.758 GC heap before
{Heap before GC invocations=100 (full 0):
 garbage-first heap   total 472064K, used 401567K [0x0000000080000000, 0x0000000100000000)
  region size 1024K, 166 young (169984K), 10 survivors (10240K)
 Metaspace       used 136178K, capacity 139919K, committed 140068K, reserved 1171456K
  class space    used 16823K, capacity 18277K, committed 18292K, reserved 1048576K
}
Event: 156.778 GC heap after
{Heap after GC invocations=101 (full 0):
 garbage-first heap   total 472064K, used 242486K [0x0000000080000000, 0x0000000100000000)
  region size 1024K, 11 young (11264K), 11 survivors (11264K)
 Metaspace       used 136178K, capacity 139919K, committed 140068K, reserved 1171456K
  class space    used 16823K, capacity 18277K, committed 18292K, reserved 1048576K
}
Event: 157.438 GC heap before
{Heap before GC invocations=101 (full 0):
 garbage-first heap   total 472064K, used 404278K [0x0000000080000000, 0x0000000100000000)
  region size 1024K, 169 young (173056K), 11 survivors (11264K)
 Metaspace       used 136196K, capacity 139983K, committed 140068K, reserved 1171456K
  class space    used 16823K, capacity 18277K, committed 18292K, reserved 1048576K
}
Event: 157.458 GC heap after
{Heap after GC invocations=102 (full 0):
 garbage-first heap   total 472064K, used 243290K [0x0000000080000000, 0x0000000100000000)
  region size 1024K, 9 young (9216K), 9 survivors (9216K)
 Metaspace       used 136196K, capacity 139983K, committed 140068K, reserved 1171456K
  class space    used 16823K, capacity 18277K, committed 18292K, reserved 1048576K
}
Event: 158.359 GC heap before
{Heap before GC invocations=102 (full 0):
 garbage-first heap   total 472064K, used 406106K [0x0000000080000000, 0x0000000100000000)
  region size 1024K, 168 young (172032K), 9 survivors (9216K)
 Metaspace       used 136342K, capacity 140094K, committed 140324K, reserved 1171456K
  class space    used 16829K, capacity 18287K, committed 18292K, reserved 1048576K
}
Event: 158.378 GC heap after
{Heap after GC invocations=103 (full 0):
 garbage-first heap   total 472064K, used 245255K [0x0000000080000000, 0x0000000100000000)
  region size 1024K, 10 young (10240K), 10 survivors (10240K)
 Metaspace       used 136342K, capacity 140094K, committed 140324K, reserved 1171456K
  class space    used 16829K, capacity 18287K, committed 18292K, reserved 1048576K
}
Event: 159.351 GC heap before
{Heap before GC invocations=103 (full 0):
 garbage-first heap   total 472064K, used 409095K [0x0000000080000000, 0x0000000100000000)
  region size 1024K, 169 young (173056K), 10 survivors (10240K)
 Metaspace       used 136465K, capacity 140273K, committed 140452K, reserved 1171456K
  class space    used 16840K, capacity 18302K, committed 18420K, reserved 1048576K
}
Event: 159.370 GC heap after
{Heap after GC invocations=104 (full 0):
 garbage-first heap   total 472064K, used 247787K [0x0000000080000000, 0x0000000100000000)
  region size 1024K, 12 young (12288K), 12 survivors (12288K)
 Metaspace       used 136465K, capacity 140273K, committed 140452K, reserved 1171456K
  class space    used 16840K, capacity 18302K, committed 18420K, reserved 1048576K
}
Event: 160.138 GC heap before
{Heap before GC invocations=104 (full 0):
 garbage-first heap   total 472064K, used 409579K [0x0000000080000000, 0x0000000100000000)
  region size 1024K, 169 young (173056K), 12 survivors (12288K)
 Metaspace       used 136525K, capacity 140321K, committed 140452K, reserved 1171456K
  class space    used 16848K, capacity 18316K, committed 18420K, reserved 1048576K
}
Event: 160.150 GC heap after
{Heap after GC invocations=105 (full 0):
 garbage-first heap   total 472064K, used 241229K [0x0000000080000000, 0x0000000100000000)
  region size 1024K, 6 young (6144K), 6 survivors (6144K)
 Metaspace       used 136525K, capacity 140321K, committed 140452K, reserved 1171456K
  class space    used 16848K, capacity 18316K, committed 18420K, reserved 1048576K
}

